<?xml version="1.0" encoding="UTF-8"?>
<robot generator="Robot 3.2.2 (Python 3.7.9 on win32)" generated="20210123 11:38:38.441" rpa="false">
<suite id="s1" name="AppiumProject" source="C:\Users\CTEA\eclipse-workspace\Robot_Framework\Robot_workspace\AppiumProject">
<suite id="s1-s1" name="1Mg" source="C:\Users\CTEA\eclipse-workspace\Robot_Framework\Robot_workspace\AppiumProject\1mg">
<suite id="s1-s1-s1" name="Purshace1mg" source="C:\Users\CTEA\eclipse-workspace\Robot_Framework\Robot_workspace\AppiumProject\1mg\Purshace1mg.robot">
<test id="s1-s1-s1-t1" name="TC1_ValidCredentials">
<kw name="Open Application" library="AppiumLibrary">
<doc>Opens a new application to given Appium server.
Capabilities of appium server, Android and iOS,
Please check https://github.com/appium/appium/blob/master/docs/en/writing-running-appium/server-args.md
| *Option*            | *Man.* | *Description*     |
| remote_url          | Yes    | Appium server url |
| alias               | no     | alias             |</doc>
<arguments>
<arg>http://localhost:4723/wd/hub</arg>
<arg>platformName=android</arg>
<arg>deviceName=redmi</arg>
<arg>appPackage=com.aranoah.healthkart.plus</arg>
<arg>appActivity=com.aranoah.healthkart.plus.home.HomeActivity</arg>
<arg>noReset=True</arg>
</arguments>
<status status="PASS" starttime="20210123 11:38:38.832" endtime="20210123 11:38:57.208"></status>
</kw>
<kw name="Set Appium Timeout" library="AppiumLibrary">
<doc>Sets the timeout in seconds used by various keywords.</doc>
<arguments>
<arg>30s</arg>
</arguments>
<status status="PASS" starttime="20210123 11:38:57.208" endtime="20210123 11:38:57.209"></status>
</kw>
<kw name="Run Keyword And Ignore Error" library="BuiltIn">
<doc>Runs the given keyword with the given arguments and ignores possible error.</doc>
<arguments>
<arg>Click Element</arg>
<arg>//*[@resource-id='com.aranoah.healthkart.plus:id/close']</arg>
</arguments>
<kw name="Click Element" library="AppiumLibrary">
<doc>Click element identified by `locator`.</doc>
<arguments>
<arg>//*[@resource-id='com.aranoah.healthkart.plus:id/close']</arg>
</arguments>
<msg timestamp="20210123 11:38:57.212" level="INFO">Clicking element '//*[@resource-id='com.aranoah.healthkart.plus:id/close']'.</msg>
<kw name="Capture Page Screenshot" library="AppiumLibrary">
<doc>Takes a screenshot of the current page and embeds it into the log.</doc>
<msg timestamp="20210123 11:39:00.794" level="INFO" html="yes">&lt;/td&gt;&lt;/tr&gt;&lt;tr&gt;&lt;td colspan="3"&gt;&lt;a href="appium-screenshot-1.png"&gt;&lt;img src="appium-screenshot-1.png" width="800px"&gt;&lt;/a&gt;</msg>
<status status="PASS" starttime="20210123 11:38:59.974" endtime="20210123 11:39:00.795"></status>
</kw>
<msg timestamp="20210123 11:39:00.797" level="FAIL">ValueError: Element locator '//*[@resource-id='com.aranoah.healthkart.plus:id/close']' did not match any elements.</msg>
<status status="FAIL" starttime="20210123 11:38:57.210" endtime="20210123 11:39:00.797"></status>
</kw>
<status status="PASS" starttime="20210123 11:38:57.210" endtime="20210123 11:39:00.797"></status>
</kw>
<kw name="Wait Until Element Is Visible" library="AppiumLibrary">
<doc>Waits until element specified with `locator` is visible.</doc>
<arguments>
<arg>//*[@text='Health Products']</arg>
</arguments>
<status status="PASS" starttime="20210123 11:39:00.798" endtime="20210123 11:39:01.208"></status>
</kw>
<kw name="Click Element" library="AppiumLibrary">
<doc>Click element identified by `locator`.</doc>
<arguments>
<arg>//*[@text='Health Products']</arg>
</arguments>
<msg timestamp="20210123 11:39:01.211" level="INFO">Clicking element '//*[@text='Health Products']'.</msg>
<status status="PASS" starttime="20210123 11:39:01.209" endtime="20210123 11:39:01.648"></status>
</kw>
<kw name="Wait Until Element Is Visible" library="AppiumLibrary">
<doc>Waits until element specified with `locator` is visible.</doc>
<arguments>
<arg>//*[@text='Healthcare Devices']</arg>
</arguments>
<status status="PASS" starttime="20210123 11:39:01.649" endtime="20210123 11:39:03.851"></status>
</kw>
<kw name="Click Element" library="AppiumLibrary">
<doc>Click element identified by `locator`.</doc>
<arguments>
<arg>//*[@text='Healthcare Devices']</arg>
</arguments>
<msg timestamp="20210123 11:39:03.853" level="INFO">Clicking element '//*[@text='Healthcare Devices']'.</msg>
<status status="PASS" starttime="20210123 11:39:03.851" endtime="20210123 11:39:04.277"></status>
</kw>
<kw name="Wait Until Page Contains Element" library="AppiumLibrary">
<doc>Waits until element specified with `locator` appears on current page.</doc>
<arguments>
<arg>//*[@text="Sort"]</arg>
</arguments>
<status status="PASS" starttime="20210123 11:39:04.277" endtime="20210123 11:39:06.397"></status>
</kw>
<kw name="Click Element" library="AppiumLibrary">
<doc>Click element identified by `locator`.</doc>
<arguments>
<arg>//*[@text="Sort"]</arg>
</arguments>
<msg timestamp="20210123 11:39:06.400" level="INFO">Clicking element '//*[@text="Sort"]'.</msg>
<status status="PASS" starttime="20210123 11:39:06.398" endtime="20210123 11:39:07.542"></status>
</kw>
<kw name="Wait Until Page Contains Element" library="AppiumLibrary">
<doc>Waits until element specified with `locator` appears on current page.</doc>
<arguments>
<arg>//*[@text="Price: High to Low"]</arg>
</arguments>
<status status="PASS" starttime="20210123 11:39:07.543" endtime="20210123 11:39:07.663"></status>
</kw>
<kw name="Click Element" library="AppiumLibrary">
<doc>Click element identified by `locator`.</doc>
<arguments>
<arg>//*[@text="Price: High to Low"]</arg>
</arguments>
<msg timestamp="20210123 11:39:07.666" level="INFO">Clicking element '//*[@text="Price: High to Low"]'.</msg>
<status status="PASS" starttime="20210123 11:39:07.664" endtime="20210123 11:39:08.986"></status>
</kw>
<kw name="Wait Until Page Contains Element" library="AppiumLibrary">
<doc>Waits until element specified with `locator` appears on current page.</doc>
<arguments>
<arg>//*[@text="ADD"]</arg>
</arguments>
<status status="PASS" starttime="20210123 11:39:08.986" endtime="20210123 11:39:10.339"></status>
</kw>
<kw name="Click Element" library="AppiumLibrary">
<doc>Click element identified by `locator`.</doc>
<arguments>
<arg>//*[@text="ADD"]</arg>
</arguments>
<msg timestamp="20210123 11:39:10.342" level="INFO">Clicking element '//*[@text="ADD"]'.</msg>
<status status="PASS" starttime="20210123 11:39:10.340" endtime="20210123 11:39:12.922"></status>
</kw>
<kw name="Wait Until Page Contains Element" library="AppiumLibrary">
<doc>Waits until element specified with `locator` appears on current page.</doc>
<arguments>
<arg>//*[@text="GO TO CART"]</arg>
</arguments>
<status status="PASS" starttime="20210123 11:39:12.922" endtime="20210123 11:39:13.547"></status>
</kw>
<kw name="Click Element" library="AppiumLibrary">
<doc>Click element identified by `locator`.</doc>
<arguments>
<arg>//*[@text="GO TO CART"]</arg>
</arguments>
<msg timestamp="20210123 11:39:13.549" level="INFO">Clicking element '//*[@text="GO TO CART"]'.</msg>
<status status="PASS" starttime="20210123 11:39:13.547" endtime="20210123 11:39:14.362"></status>
</kw>
<kw name="Get Text" library="AppiumLibrary">
<doc>Get element text (for hybrid and mobile browser use `xpath` locator, others might cause problem)</doc>
<arguments>
<arg>//*[@resource-id='com.aranoah.healthkart.plus:id/value']</arg>
</arguments>
<assign>
<var>${Amount}</var>
</assign>
<msg timestamp="20210123 11:39:16.848" level="INFO">Element '//*[@resource-id='com.aranoah.healthkart.plus:id/value']' text is '₹301848' </msg>
<msg timestamp="20210123 11:39:16.871" level="INFO">${Amount} = ₹301848</msg>
<status status="PASS" starttime="20210123 11:39:14.362" endtime="20210123 11:39:16.872"></status>
</kw>
<kw name="Log To Console" library="BuiltIn">
<doc>Logs the given message to the console.</doc>
<arguments>
<arg>${Amount}</arg>
</arguments>
<status status="PASS" starttime="20210123 11:39:16.872" endtime="20210123 11:39:16.873"></status>
</kw>
<kw name="Close Application" library="AppiumLibrary">
<doc>Closes the current application and also close webdriver session.</doc>
<status status="PASS" starttime="20210123 11:39:16.874" endtime="20210123 11:39:17.843"></status>
</kw>
<status status="PASS" starttime="20210123 11:38:38.831" endtime="20210123 11:39:17.843" critical="yes"></status>
</test>
<status status="PASS" starttime="20210123 11:38:38.559" endtime="20210123 11:39:17.845"></status>
</suite>
<status status="PASS" starttime="20210123 11:38:38.553" endtime="20210123 11:39:17.848"></status>
</suite>
<status status="PASS" starttime="20210123 11:38:38.513" endtime="20210123 11:39:17.850"></status>
</suite>
<statistics>
<total>
<stat pass="1" fail="0">Critical Tests</stat>
<stat pass="1" fail="0">All Tests</stat>
</total>
<tag>
</tag>
<suite>
<stat pass="1" fail="0" id="s1" name="AppiumProject">AppiumProject</stat>
<stat pass="1" fail="0" id="s1-s1" name="1Mg">AppiumProject.1Mg</stat>
<stat pass="1" fail="0" id="s1-s1-s1" name="Purshace1mg">AppiumProject.1Mg.Purshace1mg</stat>
</suite>
</statistics>
<errors>
</errors>
</robot>
