<?xml version="1.0" encoding="UTF-8"?>
<robot generator="Robot 3.2.2 (Python 3.7.9 on win32)" generated="20210127 10:31:30.837" rpa="false">
<suite id="s1" name="AppiumProject" source="C:\Users\CTEA\eclipse-workspace\Robot_Framework\Robot_workspace\AppiumProject">
<suite id="s1-s1" name="KhanAcademyCloud" source="C:\Users\CTEA\eclipse-workspace\Robot_Framework\Robot_workspace\AppiumProject\KhanAcademyCloud">
<suite id="s1-s1-s1" name="Verify Khan In Cloud Environment" source="C:\Users\CTEA\eclipse-workspace\Robot_Framework\Robot_workspace\AppiumProject\KhanAcademyCloud\Verify_Khan_In_Cloud_Environment.robot">
<test id="s1-s1-s1-t1" name="TC1_Verify_Invalid_login">
<kw name="Open Application" library="AppiumLibrary">
<doc>Opens a new application to given Appium server.
Capabilities of appium server, Android and iOS,
Please check https://github.com/appium/appium/blob/master/docs/en/writing-running-appium/server-args.md
| *Option*            | *Man.* | *Description*     |
| remote_url          | Yes    | Appium server url |
| alias               | no     | alias             |</doc>
<arguments>
<arg>http://hub-cloud.browserstack.com/wd/hub</arg>
<arg>browserstack.user=prathviraj2</arg>
<arg>browserstack.key=xx7iY7YM2itoQ39aFrQB</arg>
<arg>app=bs://dae64ca049c38ed57c20555ba4cdecb0071dd4c3</arg>
<arg>device=Google Pixel 3</arg>
<arg>os_version=9.0</arg>
<arg>project=First Python project</arg>
<arg>build=Python Android</arg>
<arg>name=first_test</arg>
</arguments>
<status status="PASS" starttime="20210127 10:31:31.305" endtime="20210127 10:32:02.599"></status>
</kw>
<kw name="Set Appium Timeout" library="AppiumLibrary">
<doc>Sets the timeout in seconds used by various keywords.</doc>
<arguments>
<arg>40s</arg>
</arguments>
<status status="PASS" starttime="20210127 10:32:02.600" endtime="20210127 10:32:02.604"></status>
</kw>
<kw name="Wait Until Page Contains Element" library="AppiumLibrary">
<doc>Waits until element specified with `locator` appears on current page.</doc>
<arguments>
<arg>//*[@text="Profile"]</arg>
</arguments>
<status status="PASS" starttime="20210127 10:32:02.604" endtime="20210127 10:32:04.233"></status>
</kw>
<kw name="Click Element" library="AppiumLibrary">
<doc>Click element identified by `locator`.</doc>
<arguments>
<arg>//*[@text="Profile"]</arg>
</arguments>
<msg timestamp="20210127 10:32:04.235" level="INFO">Clicking element '//*[@text="Profile"]'.</msg>
<status status="PASS" starttime="20210127 10:32:04.233" endtime="20210127 10:32:04.464"></status>
</kw>
<kw name="Wait Until Page Contains Element" library="AppiumLibrary">
<doc>Waits until element specified with `locator` appears on current page.</doc>
<arguments>
<arg>//*[@text="Sign in"]</arg>
</arguments>
<status status="PASS" starttime="20210127 10:32:04.465" endtime="20210127 10:32:06.330"></status>
</kw>
<kw name="Click Element" library="AppiumLibrary">
<doc>Click element identified by `locator`.</doc>
<arguments>
<arg>//*[@text="Sign in"]</arg>
</arguments>
<msg timestamp="20210127 10:32:06.335" level="INFO">Clicking element '//*[@text="Sign in"]'.</msg>
<status status="PASS" starttime="20210127 10:32:06.331" endtime="20210127 10:32:06.628"></status>
</kw>
<status status="PASS" starttime="20210127 10:31:31.304" endtime="20210127 10:32:06.629" critical="yes"></status>
</test>
<status status="PASS" starttime="20210127 10:31:30.988" endtime="20210127 10:32:06.630"></status>
</suite>
<status status="PASS" starttime="20210127 10:31:30.977" endtime="20210127 10:32:06.635"></status>
</suite>
<status status="PASS" starttime="20210127 10:31:30.917" endtime="20210127 10:32:06.638"></status>
</suite>
<statistics>
<total>
<stat pass="1" fail="0">Critical Tests</stat>
<stat pass="1" fail="0">All Tests</stat>
</total>
<tag>
</tag>
<suite>
<stat pass="1" fail="0" id="s1" name="AppiumProject">AppiumProject</stat>
<stat pass="1" fail="0" id="s1-s1" name="KhanAcademyCloud">AppiumProject.KhanAcademyCloud</stat>
<stat pass="1" fail="0" id="s1-s1-s1" name="Verify Khan In Cloud Environment">AppiumProject.KhanAcademyCloud.Verify Khan In Cloud Environment</stat>
</suite>
</statistics>
<errors>
</errors>
</robot>
