<?xml version="1.0" encoding="UTF-8"?>
<robot generator="Robot 3.2.2 (Python 3.7.9 on win32)" generated="20210121 10:18:02.924" rpa="false">
<suite id="s1" name="Seleneium Features get suite" source="C:\Users\CTEA\eclipse-workspace\Robot_Framework\Robot_workspace\Seleneium_Features_get_suite">
<suite id="s1-s1" name="SignUp tests" source="C:\Users\CTEA\eclipse-workspace\Robot_Framework\Robot_workspace\Seleneium_Features_get_suite\SignUp_tests.robot">
<test id="s1-s1-t1" name="TC1_BrowserSize">
<kw name="Append To Environment Variable" library="OperatingSystem">
<doc>Appends given ``values`` to environment variable ``name``.</doc>
<arguments>
<arg>Path</arg>
<arg>${OUTPUT_DIR}${/}driver</arg>
</arguments>
<msg timestamp="20210121 10:18:03.423" level="INFO">Environment variable 'Path' set to value 'C:/Program Files/Java/jdk-15.0.1/bin/server;C:/Program Files/Java/jdk-15.0.1/bin;D:\Python;D:\Python\Scripts;C:\Users\CTEA;D:\Python\Lib;D:\XAMPP\mysql\bin;C:\Program Files\Git\cmd;C:\TDM-GCC-64\bin;C:\Program Files\mingw-w64\x86_64-8.1.0-posix-seh-rt_v6-rev0\mingw64\bin;C:\Program Files (x86)\Groovy\bin;C:\Program Files\Java\jdk-15.0.1\bin;D:\Python;D:\Python\Scripts;D:\Python\Lib;D:\XAMPP\mysql\bin;C:\Users\CTEA\AppData\Local\Programs\Microsoft VS Code\bin;C:\TDM-GCC-64\bin;C:\Program Files (x86)\Groovy\bin;C:\WINDOWS\system32;C:\\Program Files\\geckodriver-v0.28.0-win64;;C:\Users\CTEA\Desktop;;C:\Users\CTEA\eclipse-workspace\Robot_Framework\Robot_workspace\Seleneium_Features_get_suite\driver'.</msg>
<status status="PASS" starttime="20210121 10:18:03.422" endtime="20210121 10:18:03.423"></status>
</kw>
<kw name="Open Browser" library="SeleniumLibrary">
<doc>Opens a new browser instance to the optional ``url``.</doc>
<arguments>
<arg>url=https://www.royalcaribbean.com/</arg>
<arg>browser=ff</arg>
</arguments>
<msg timestamp="20210121 10:18:03.424" level="INFO">Opening browser 'ff' to base url 'https://www.royalcaribbean.com/'.</msg>
<msg timestamp="20210121 10:18:03.452" level="INFO">Firefox driver log is always forced to to: C:\Users\CTEA\eclipse-workspace\Robot_Framework\Robot_workspace\Seleneium_Features_get_suite\geckodriver-1.log</msg>
<status status="PASS" starttime="20210121 10:18:03.423" endtime="20210121 10:18:40.244"></status>
</kw>
<kw name="Maximize Browser Window" library="SeleniumLibrary">
<doc>Maximizes current browser window.</doc>
<status status="PASS" starttime="20210121 10:18:40.245" endtime="20210121 10:18:40.519"></status>
</kw>
<kw name="Get Window Size" library="SeleniumLibrary">
<doc>Returns current window width and height as integers.</doc>
<assign>
<var>${width}</var>
<var>${height}</var>
</assign>
<msg timestamp="20210121 10:18:40.526" level="INFO">${width} = 1696</msg>
<msg timestamp="20210121 10:18:40.527" level="INFO">${height} = 1026</msg>
<status status="PASS" starttime="20210121 10:18:40.519" endtime="20210121 10:18:40.527"></status>
</kw>
<kw name="Log To Console" library="BuiltIn">
<doc>Logs the given message to the console.</doc>
<arguments>
<arg>${width}</arg>
</arguments>
<status status="PASS" starttime="20210121 10:18:40.527" endtime="20210121 10:18:40.528"></status>
</kw>
<kw name="Log To Console" library="BuiltIn">
<doc>Logs the given message to the console.</doc>
<arguments>
<arg>${height}</arg>
</arguments>
<status status="PASS" starttime="20210121 10:18:40.528" endtime="20210121 10:18:40.529"></status>
</kw>
<status status="PASS" starttime="20210121 10:18:03.419" endtime="20210121 10:18:40.529" critical="yes"></status>
</test>
<status status="PASS" starttime="20210121 10:18:03.109" endtime="20210121 10:18:40.531"></status>
</suite>
<status status="PASS" starttime="20210121 10:18:03.067" endtime="20210121 10:18:40.535"></status>
</suite>
<statistics>
<total>
<stat pass="1" fail="0">Critical Tests</stat>
<stat pass="1" fail="0">All Tests</stat>
</total>
<tag>
</tag>
<suite>
<stat pass="1" fail="0" id="s1" name="Seleneium Features get suite">Seleneium Features get suite</stat>
<stat pass="1" fail="0" id="s1-s1" name="SignUp tests">Seleneium Features get suite.SignUp tests</stat>
</suite>
</statistics>
<errors>
</errors>
</robot>
