<?xml version="1.0" encoding="UTF-8"?>
<robot generator="Robot 3.2.2 (Python 3.7.9 on win32)" generated="20210121 14:24:54.797" rpa="false">
<suite id="s1" name="SeleniumProject" source="C:\Users\CTEA\eclipse-workspace\Robot_Framework\Robot_workspace\SeleniumProject">
<suite id="s1-s1" name="Naukri" source="C:\Users\CTEA\eclipse-workspace\Robot_Framework\Robot_workspace\SeleniumProject\Naukri">
<suite id="s1-s1-s1" name="NaukriLogin" source="C:\Users\CTEA\eclipse-workspace\Robot_Framework\Robot_workspace\SeleniumProject\Naukri\NaukriLogin.robot">
<test id="s1-s1-s1-t1" name="TC1_FileUpload">
<kw name="Append To Environment Variable" library="OperatingSystem">
<doc>Appends given ``values`` to environment variable ``name``.</doc>
<arguments>
<arg>Path</arg>
<arg>${OUTPUT_DIR}${/}driver</arg>
</arguments>
<msg timestamp="20210121 14:24:55.185" level="INFO">Environment variable 'Path' set to value 'C:/Program Files/Java/jdk-15.0.1/bin/server;C:/Program Files/Java/jdk-15.0.1/bin;D:\Python;D:\Python\Scripts;C:\Users\CTEA;D:\Python\Lib;D:\XAMPP\mysql\bin;C:\Program Files\Git\cmd;C:\TDM-GCC-64\bin;C:\Program Files\mingw-w64\x86_64-8.1.0-posix-seh-rt_v6-rev0\mingw64\bin;C:\Program Files (x86)\Groovy\bin;C:\Program Files\Java\jdk-15.0.1\bin;D:\Python;D:\Python\Scripts;D:\Python\Lib;D:\XAMPP\mysql\bin;C:\Users\CTEA\AppData\Local\Programs\Microsoft VS Code\bin;C:\TDM-GCC-64\bin;C:\Program Files (x86)\Groovy\bin;C:\WINDOWS\system32;C:\\Program Files\\geckodriver-v0.28.0-win64;;C:\Users\CTEA\Desktop;;C:\Users\CTEA\eclipse-workspace\Robot_Framework\Robot_workspace\SeleniumProject\driver'.</msg>
<status status="PASS" starttime="20210121 14:24:55.184" endtime="20210121 14:24:55.185"></status>
</kw>
<kw name="Open Browser" library="SeleniumLibrary">
<doc>Opens a new browser instance to the optional ``url``.</doc>
<arguments>
<arg>url=https://www.naukri.com</arg>
<arg>browser=chrome</arg>
</arguments>
<msg timestamp="20210121 14:24:55.189" level="INFO">Opening browser 'chrome' to base url 'https://www.naukri.com'.</msg>
<status status="PASS" starttime="20210121 14:24:55.188" endtime="20210121 14:25:14.339"></status>
</kw>
<kw name="Maximize Browser Window" library="SeleniumLibrary">
<doc>Maximizes current browser window.</doc>
<status status="PASS" starttime="20210121 14:25:14.340" endtime="20210121 14:25:16.974"></status>
</kw>
<kw name="Set Selenium Implicit Wait" library="SeleniumLibrary">
<doc>Sets the implicit wait value used by Selenium.</doc>
<arguments>
<arg>30s</arg>
</arguments>
<status status="PASS" starttime="20210121 14:25:16.975" endtime="20210121 14:25:16.981"></status>
</kw>
<kw name="Choose File" library="SeleniumLibrary">
<doc>Inputs the ``file_path`` into the file input field ``locator``.</doc>
<arguments>
<arg>id=file_upload</arg>
<arg>C:\\Users\\CTEA\\eclipse-workspace\\Robot_Framework\\Robot_workspace\\SeleniumProject\\red.xml</arg>
</arguments>
<msg timestamp="20210121 14:25:16.982" level="INFO">Sending C:\Users\CTEA\eclipse-workspace\Robot_Framework\Robot_workspace\SeleniumProject\red.xml to browser.</msg>
<status status="PASS" starttime="20210121 14:25:16.982" endtime="20210121 14:25:17.775"></status>
</kw>
<status status="PASS" starttime="20210121 14:24:55.183" endtime="20210121 14:25:17.776" critical="yes"></status>
</test>
<status status="PASS" starttime="20210121 14:24:54.905" endtime="20210121 14:25:17.778"></status>
</suite>
<status status="PASS" starttime="20210121 14:24:54.900" endtime="20210121 14:25:17.781"></status>
</suite>
<status status="PASS" starttime="20210121 14:24:54.856" endtime="20210121 14:25:17.784"></status>
</suite>
<statistics>
<total>
<stat pass="1" fail="0">Critical Tests</stat>
<stat pass="1" fail="0">All Tests</stat>
</total>
<tag>
</tag>
<suite>
<stat pass="1" fail="0" id="s1" name="SeleniumProject">SeleniumProject</stat>
<stat pass="1" fail="0" id="s1-s1" name="Naukri">SeleniumProject.Naukri</stat>
<stat pass="1" fail="0" id="s1-s1-s1" name="NaukriLogin">SeleniumProject.Naukri.NaukriLogin</stat>
</suite>
</statistics>
<errors>
</errors>
</robot>
