<?xml version="1.0" encoding="UTF-8"?>
<robot generator="Robot 3.2.2 (Python 3.7.9 on win32)" generated="20210119 17:32:44.488" rpa="false">
<suite id="s1" name="OpenEMR" source="C:\Users\CTEA\eclipse-workspace\Robot_Framework\Robot_workspace\OpenEMR">
<suite id="s1-s1" name="LoginSuite" source="C:\Users\CTEA\eclipse-workspace\Robot_Framework\Robot_workspace\OpenEMR\LoginSuite">
<suite id="s1-s1-s1" name="Verify Invalid Credential with Excel" source="C:\Users\CTEA\eclipse-workspace\Robot_Framework\Robot_workspace\OpenEMR\LoginSuite\Verify_Invalid_Credential_with_Excel.robot">
<test id="s1-s1-s1-t1" name="TC1">
<status status="FAIL" starttime="20210119 17:33:00.094" endtime="20210119 17:33:00.095" critical="yes">Test case contains no keywords.</status>
</test>
<doc>Install Data Driver using pip
pip install --upgrade robotframework-datadriver[XLS]
pip install --upgrade robotframework-datadriver</doc>
<status status="FAIL" starttime="20210119 17:32:44.649" endtime="20210119 17:33:00.096"></status>
</suite>
<status status="FAIL" starttime="20210119 17:32:44.641" endtime="20210119 17:33:00.099"></status>
</suite>
<status status="FAIL" starttime="20210119 17:32:44.575" endtime="20210119 17:33:00.101"></status>
</suite>
<statistics>
<total>
<stat pass="0" fail="1">Critical Tests</stat>
<stat pass="0" fail="1">All Tests</stat>
</total>
<tag>
</tag>
<suite>
<stat pass="0" fail="1" id="s1" name="OpenEMR">OpenEMR</stat>
<stat pass="0" fail="1" id="s1-s1" name="LoginSuite">OpenEMR.LoginSuite</stat>
<stat pass="0" fail="1" id="s1-s1-s1" name="Verify Invalid Credential with Excel">OpenEMR.LoginSuite.Verify Invalid Credential with Excel</stat>
</suite>
</statistics>
<errors>
<msg timestamp="20210119 17:33:00.093" level="ERROR">Calling method '_start_suite' of listener 'DataDriver' failed: ValueError: Your version of xlrd is 2.0.1. In xlrd &gt;= 2.0, only the xls format is supported. Install openpyxl instead.</msg>
</errors>
</robot>
