<?xml version="1.0" encoding="UTF-8"?>
<robot generator="Robot 3.2.2 (Python 3.7.9 on win32)" generated="20210121 12:19:29.157" rpa="false">
<suite id="s1" name="OpenEMR" source="C:\Users\CTEA\eclipse-workspace\Robot_Framework\Robot_workspace\OpenEMR">
<suite id="s1-s1" name="LoginSuite" source="C:\Users\CTEA\eclipse-workspace\Robot_Framework\Robot_workspace\OpenEMR\LoginSuite">
<suite id="s1-s1-s1" name="Verify Invalid Credentials" source="C:\Users\CTEA\eclipse-workspace\Robot_Framework\Robot_workspace\OpenEMR\LoginSuite\Verify_Invalid_Credentials.robot">
<kw name="Launch Browser" library="common_functionality" type="setup">
<kw name="Append To Environment Variable" library="OperatingSystem">
<doc>Appends given ``values`` to environment variable ``name``.</doc>
<arguments>
<arg>Path</arg>
<arg>${OUTPUT_DIR}${/}driver</arg>
</arguments>
<msg timestamp="20210121 12:19:29.541" level="INFO">Environment variable 'Path' set to value 'C:/Program Files/Java/jdk-15.0.1/bin/server;C:/Program Files/Java/jdk-15.0.1/bin;D:\Python;D:\Python\Scripts;C:\Users\CTEA;D:\Python\Lib;D:\XAMPP\mysql\bin;C:\Program Files\Git\cmd;C:\TDM-GCC-64\bin;C:\Program Files\mingw-w64\x86_64-8.1.0-posix-seh-rt_v6-rev0\mingw64\bin;C:\Program Files (x86)\Groovy\bin;C:\Program Files\Java\jdk-15.0.1\bin;D:\Python;D:\Python\Scripts;D:\Python\Lib;D:\XAMPP\mysql\bin;C:\Users\CTEA\AppData\Local\Programs\Microsoft VS Code\bin;C:\TDM-GCC-64\bin;C:\Program Files (x86)\Groovy\bin;C:\WINDOWS\system32;C:\\Program Files\\geckodriver-v0.28.0-win64;;C:\Users\CTEA\Desktop;;C:\Users\CTEA\eclipse-workspace\Robot_Framework\Robot_workspace\OpenEMR\driver'.</msg>
<status status="PASS" starttime="20210121 12:19:29.541" endtime="20210121 12:19:29.541"></status>
</kw>
<kw name="Open Browser" library="SeleniumLibrary">
<doc>Opens a new browser instance to the optional ``url``.</doc>
<arguments>
<arg>browser=chrome</arg>
</arguments>
<msg timestamp="20210121 12:19:29.542" level="INFO">Opening browser 'chrome' to base url 'None'.</msg>
<status status="PASS" starttime="20210121 12:19:29.542" endtime="20210121 12:19:33.864"></status>
</kw>
<kw name="Maximize Browser Window" library="SeleniumLibrary">
<doc>Maximizes current browser window.</doc>
<status status="PASS" starttime="20210121 12:19:33.864" endtime="20210121 12:19:36.010"></status>
</kw>
<kw name="Set Selenium Implicit Wait" library="SeleniumLibrary">
<doc>Sets the implicit wait value used by Selenium.</doc>
<arguments>
<arg>30s</arg>
</arguments>
<status status="PASS" starttime="20210121 12:19:36.011" endtime="20210121 12:19:36.014"></status>
</kw>
<kw name="Go To" library="SeleniumLibrary">
<doc>Navigates the current browser window to the provided ``url``.</doc>
<arguments>
<arg>url=https://demo.openemr.io/b/openemr/interface/login/login.php?site=default</arg>
</arguments>
<msg timestamp="20210121 12:19:36.014" level="INFO">Opening url 'https://demo.openemr.io/b/openemr/interface/login/login.php?site=default'</msg>
<status status="PASS" starttime="20210121 12:19:36.014" endtime="20210121 12:19:44.619"></status>
</kw>
<status status="PASS" starttime="20210121 12:19:29.540" endtime="20210121 12:19:44.620"></status>
</kw>
<test id="s1-s1-s1-t1" name="TC1_Invalid_Credentials_Test">
<kw name="Launch Browser" library="common_functionality">
<kw name="Append To Environment Variable" library="OperatingSystem">
<doc>Appends given ``values`` to environment variable ``name``.</doc>
<arguments>
<arg>Path</arg>
<arg>${OUTPUT_DIR}${/}driver</arg>
</arguments>
<msg timestamp="20210121 12:19:44.624" level="INFO">Environment variable 'Path' set to value 'C:/Program Files/Java/jdk-15.0.1/bin/server;C:/Program Files/Java/jdk-15.0.1/bin;D:\Python;D:\Python\Scripts;C:\Users\CTEA;D:\Python\Lib;D:\XAMPP\mysql\bin;C:\Program Files\Git\cmd;C:\TDM-GCC-64\bin;C:\Program Files\mingw-w64\x86_64-8.1.0-posix-seh-rt_v6-rev0\mingw64\bin;C:\Program Files (x86)\Groovy\bin;C:\Program Files\Java\jdk-15.0.1\bin;D:\Python;D:\Python\Scripts;D:\Python\Lib;D:\XAMPP\mysql\bin;C:\Users\CTEA\AppData\Local\Programs\Microsoft VS Code\bin;C:\TDM-GCC-64\bin;C:\Program Files (x86)\Groovy\bin;C:\WINDOWS\system32;C:\\Program Files\\geckodriver-v0.28.0-win64;;C:\Users\CTEA\Desktop;;C:\Users\CTEA\eclipse-workspace\Robot_Framework\Robot_workspace\OpenEMR\driver;C:\Users\CTEA\eclipse-workspace\Robot_Framework\Robot_workspace\OpenEMR\driver'.</msg>
<status status="PASS" starttime="20210121 12:19:44.623" endtime="20210121 12:19:44.624"></status>
</kw>
<kw name="Open Browser" library="SeleniumLibrary">
<doc>Opens a new browser instance to the optional ``url``.</doc>
<arguments>
<arg>browser=chrome</arg>
</arguments>
<msg timestamp="20210121 12:19:44.625" level="INFO">Opening browser 'chrome' to base url 'None'.</msg>
<status status="PASS" starttime="20210121 12:19:44.625" endtime="20210121 12:19:49.099"></status>
</kw>
<kw name="Maximize Browser Window" library="SeleniumLibrary">
<doc>Maximizes current browser window.</doc>
<status status="PASS" starttime="20210121 12:19:49.100" endtime="20210121 12:19:51.254"></status>
</kw>
<kw name="Set Selenium Implicit Wait" library="SeleniumLibrary">
<doc>Sets the implicit wait value used by Selenium.</doc>
<arguments>
<arg>30s</arg>
</arguments>
<status status="PASS" starttime="20210121 12:19:51.254" endtime="20210121 12:19:51.264"></status>
</kw>
<kw name="Go To" library="SeleniumLibrary">
<doc>Navigates the current browser window to the provided ``url``.</doc>
<arguments>
<arg>url=https://demo.openemr.io/b/openemr/interface/login/login.php?site=default</arg>
</arguments>
<msg timestamp="20210121 12:19:51.265" level="INFO">Opening url 'https://demo.openemr.io/b/openemr/interface/login/login.php?site=default'</msg>
<status status="PASS" starttime="20210121 12:19:51.265" endtime="20210121 12:19:59.355"></status>
</kw>
<status status="PASS" starttime="20210121 12:19:44.622" endtime="20210121 12:19:59.355"></status>
</kw>
<kw name="Input Text" library="SeleniumLibrary">
<doc>Types the given ``text`` into the text field identified by ``locator``.</doc>
<arguments>
<arg>name=authUser</arg>
<arg>admin123</arg>
</arguments>
<msg timestamp="20210121 12:19:59.356" level="INFO">Typing text 'admin123' into text field 'name=authUser'.</msg>
<status status="PASS" starttime="20210121 12:19:59.356" endtime="20210121 12:19:59.975"></status>
</kw>
<kw name="Input Password" library="SeleniumLibrary">
<doc>Types the given password into the text field identified by ``locator``.</doc>
<arguments>
<arg>name=clearPass</arg>
<arg>pass</arg>
</arguments>
<msg timestamp="20210121 12:19:59.976" level="INFO">Typing password into text field 'name=clearPass'.</msg>
<msg timestamp="20210121 12:20:00.290" level="INFO">Temporally setting log level to: NONE</msg>
<msg timestamp="20210121 12:20:00.872" level="INFO">Log level changed from NONE to INFO.</msg>
<status status="PASS" starttime="20210121 12:19:59.975" endtime="20210121 12:20:00.873"></status>
</kw>
<kw name="Select From List By Label" library="SeleniumLibrary">
<doc>Selects options from selection list ``locator`` by ``labels``.</doc>
<arguments>
<arg>name=languageChoice</arg>
<arg>English (Indian)</arg>
</arguments>
<msg timestamp="20210121 12:20:00.874" level="INFO">Selecting options from selection list 'name=languageChoice' by label English (Indian).</msg>
<status status="PASS" starttime="20210121 12:20:00.873" endtime="20210121 12:20:01.168"></status>
</kw>
<kw name="Click Element" library="SeleniumLibrary">
<doc>Click the element identified by ``locator``.</doc>
<arguments>
<arg>xpath=//button[@type='submit']</arg>
</arguments>
<msg timestamp="20210121 12:20:01.170" level="INFO">Clicking element 'xpath=//button[@type='submit']'.</msg>
<status status="PASS" starttime="20210121 12:20:01.169" endtime="20210121 12:20:03.304"></status>
</kw>
<kw name="Element Should Contain" library="SeleniumLibrary">
<doc>Verifies that element ``locator`` contains text ``expected``.</doc>
<arguments>
<arg>//*[contains(text(),'Invalid')]</arg>
<arg>Invalid username or password</arg>
</arguments>
<msg timestamp="20210121 12:20:03.455" level="INFO">Element '//*[contains(text(),'Invalid')]' contains text 'Invalid username or password'.</msg>
<status status="PASS" starttime="20210121 12:20:03.305" endtime="20210121 12:20:03.456"></status>
</kw>
<status status="PASS" starttime="20210121 12:19:44.620" endtime="20210121 12:20:03.456" critical="yes"></status>
</test>
<kw name="End Browser" library="common_functionality" type="teardown">
<kw name="Close Browser" library="SeleniumLibrary">
<doc>Closes the current browser.</doc>
<status status="PASS" starttime="20210121 12:20:03.459" endtime="20210121 12:20:05.775"></status>
</kw>
<status status="PASS" starttime="20210121 12:20:03.458" endtime="20210121 12:20:05.776"></status>
</kw>
<status status="PASS" starttime="20210121 12:19:29.247" endtime="20210121 12:20:05.776"></status>
</suite>
<status status="PASS" starttime="20210121 12:19:29.242" endtime="20210121 12:20:05.780"></status>
</suite>
<status status="PASS" starttime="20210121 12:19:29.207" endtime="20210121 12:20:05.783"></status>
</suite>
<statistics>
<total>
<stat pass="1" fail="0">Critical Tests</stat>
<stat pass="1" fail="0">All Tests</stat>
</total>
<tag>
</tag>
<suite>
<stat pass="1" fail="0" id="s1" name="OpenEMR">OpenEMR</stat>
<stat pass="1" fail="0" id="s1-s1" name="LoginSuite">OpenEMR.LoginSuite</stat>
<stat pass="1" fail="0" id="s1-s1-s1" name="Verify Invalid Credentials">OpenEMR.LoginSuite.Verify Invalid Credentials</stat>
</suite>
</statistics>
<errors>
</errors>
</robot>
