<?xml version="1.0" encoding="UTF-8"?>
<robot generator="Robot 3.2.2 (Python 3.7.9 on win32)" generated="20210121 12:11:54.104" rpa="false">
<suite id="s1" name="Verify Invalid Credentials" source="C:\Users\CTEA\eclipse-workspace\Robot_Framework\Robot_workspace\OpenEMR\LoginSuite\Verify_Invalid_Credentials.robot">
<kw name="Launch Browser" library="common_functionality" type="setup">
<kw name="Append To Environment Variable" library="OperatingSystem">
<doc>Appends given ``values`` to environment variable ``name``.</doc>
<arguments>
<arg>Path</arg>
<arg>${OUTPUT_DIR}${/}driver</arg>
</arguments>
<msg timestamp="20210121 12:11:54.418" level="INFO">Environment variable 'Path' set to value 'C:\Program Files (x86)\Common Files\Oracle\Java\javapath;D:\Python;D:\Python\Scripts;C:\Users\CTEA;D:\Python\Lib;D:\XAMPP\mysql\bin;C:\Program Files\Git\cmd;C:\TDM-GCC-64\bin;C:\Program Files\mingw-w64\x86_64-8.1.0-posix-seh-rt_v6-rev0\mingw64\bin;C:\Program Files (x86)\Groovy\bin;C:\Program Files\Java\jdk-15.0.1\bin;C:\Program Files\Java\jre1.8.0_281\bin;D:\Python;D:\Python\Scripts;D:\Python\Lib;D:\XAMPP\mysql\bin;C:\Users\CTEA\AppData\Local\Programs\Microsoft VS Code\bin;C:\TDM-GCC-64\bin;C:\Program Files (x86)\Groovy\bin;C:\WINDOWS\system32;C:\\Program Files\\geckodriver-v0.28.0-win64;C:\Program Files\Java\jdk1.8.0_281\bin;;C:\Users\CTEA\eclipse-workspace\Robot_Framework\Robot_workspace\OpenEMR\LoginSuite\driver'.</msg>
<status status="PASS" starttime="20210121 12:11:54.418" endtime="20210121 12:11:54.418"></status>
</kw>
<kw name="Open Browser" library="SeleniumLibrary">
<doc>Opens a new browser instance to the optional ``url``.</doc>
<arguments>
<arg>browser=ff</arg>
</arguments>
<msg timestamp="20210121 12:11:54.419" level="INFO">Opening browser 'ff' to base url 'None'.</msg>
<msg timestamp="20210121 12:11:54.420" level="INFO">Firefox driver log is always forced to to: C:\Users\CTEA\eclipse-workspace\Robot_Framework\Robot_workspace\OpenEMR\LoginSuite\geckodriver-1.log</msg>
<status status="PASS" starttime="20210121 12:11:54.419" endtime="20210121 12:12:05.408"></status>
</kw>
<kw name="Maximize Browser Window" library="SeleniumLibrary">
<doc>Maximizes current browser window.</doc>
<status status="PASS" starttime="20210121 12:12:05.408" endtime="20210121 12:12:05.672"></status>
</kw>
<kw name="Set Selenium Implicit Wait" library="SeleniumLibrary">
<doc>Sets the implicit wait value used by Selenium.</doc>
<arguments>
<arg>30s</arg>
</arguments>
<status status="PASS" starttime="20210121 12:12:05.673" endtime="20210121 12:12:05.679"></status>
</kw>
<kw name="Go To" library="SeleniumLibrary">
<doc>Navigates the current browser window to the provided ``url``.</doc>
<arguments>
<arg>url=https://demo.openemr.io/b/openemr/interface/login/login.php?site=default</arg>
</arguments>
<msg timestamp="20210121 12:12:05.679" level="INFO">Opening url 'https://demo.openemr.io/b/openemr/interface/login/login.php?site=default'</msg>
<status status="PASS" starttime="20210121 12:12:05.679" endtime="20210121 12:12:12.768"></status>
</kw>
<status status="PASS" starttime="20210121 12:11:54.417" endtime="20210121 12:12:12.769"></status>
</kw>
<test id="s1-t1" name="TC1_Invalid_Credentials_Test">
<kw name="Launch Browser" library="common_functionality">
<kw name="Append To Environment Variable" library="OperatingSystem">
<doc>Appends given ``values`` to environment variable ``name``.</doc>
<arguments>
<arg>Path</arg>
<arg>${OUTPUT_DIR}${/}driver</arg>
</arguments>
<msg timestamp="20210121 12:12:12.772" level="INFO">Environment variable 'Path' set to value 'C:\Program Files (x86)\Common Files\Oracle\Java\javapath;D:\Python;D:\Python\Scripts;C:\Users\CTEA;D:\Python\Lib;D:\XAMPP\mysql\bin;C:\Program Files\Git\cmd;C:\TDM-GCC-64\bin;C:\Program Files\mingw-w64\x86_64-8.1.0-posix-seh-rt_v6-rev0\mingw64\bin;C:\Program Files (x86)\Groovy\bin;C:\Program Files\Java\jdk-15.0.1\bin;C:\Program Files\Java\jre1.8.0_281\bin;D:\Python;D:\Python\Scripts;D:\Python\Lib;D:\XAMPP\mysql\bin;C:\Users\CTEA\AppData\Local\Programs\Microsoft VS Code\bin;C:\TDM-GCC-64\bin;C:\Program Files (x86)\Groovy\bin;C:\WINDOWS\system32;C:\\Program Files\\geckodriver-v0.28.0-win64;C:\Program Files\Java\jdk1.8.0_281\bin;;C:\Users\CTEA\eclipse-workspace\Robot_Framework\Robot_workspace\OpenEMR\LoginSuite\driver;C:\Users\CTEA\eclipse-workspace\Robot_Framework\Robot_workspace\OpenEMR\LoginSuite\driver'.</msg>
<status status="PASS" starttime="20210121 12:12:12.772" endtime="20210121 12:12:12.772"></status>
</kw>
<kw name="Open Browser" library="SeleniumLibrary">
<doc>Opens a new browser instance to the optional ``url``.</doc>
<arguments>
<arg>browser=ff</arg>
</arguments>
<msg timestamp="20210121 12:12:12.773" level="INFO">Opening browser 'ff' to base url 'None'.</msg>
<msg timestamp="20210121 12:12:12.775" level="INFO">Firefox driver log is always forced to to: C:\Users\CTEA\eclipse-workspace\Robot_Framework\Robot_workspace\OpenEMR\LoginSuite\geckodriver-2.log</msg>
<status status="PASS" starttime="20210121 12:12:12.773" endtime="20210121 12:12:21.097"></status>
</kw>
<kw name="Maximize Browser Window" library="SeleniumLibrary">
<doc>Maximizes current browser window.</doc>
<status status="PASS" starttime="20210121 12:12:21.097" endtime="20210121 12:12:21.369"></status>
</kw>
<kw name="Set Selenium Implicit Wait" library="SeleniumLibrary">
<doc>Sets the implicit wait value used by Selenium.</doc>
<arguments>
<arg>30s</arg>
</arguments>
<status status="PASS" starttime="20210121 12:12:21.370" endtime="20210121 12:12:21.383"></status>
</kw>
<kw name="Go To" library="SeleniumLibrary">
<doc>Navigates the current browser window to the provided ``url``.</doc>
<arguments>
<arg>url=https://demo.openemr.io/b/openemr/interface/login/login.php?site=default</arg>
</arguments>
<msg timestamp="20210121 12:12:21.383" level="INFO">Opening url 'https://demo.openemr.io/b/openemr/interface/login/login.php?site=default'</msg>
<status status="PASS" starttime="20210121 12:12:21.383" endtime="20210121 12:12:28.432"></status>
</kw>
<status status="PASS" starttime="20210121 12:12:12.771" endtime="20210121 12:12:28.433"></status>
</kw>
<kw name="Input Text" library="SeleniumLibrary">
<doc>Types the given ``text`` into the text field identified by ``locator``.</doc>
<arguments>
<arg>name=authUser</arg>
<arg>admin123</arg>
</arguments>
<msg timestamp="20210121 12:12:28.433" level="INFO">Typing text 'admin123' into text field 'name=authUser'.</msg>
<status status="PASS" starttime="20210121 12:12:28.433" endtime="20210121 12:12:28.570"></status>
</kw>
<kw name="Input Password" library="SeleniumLibrary">
<doc>Types the given password into the text field identified by ``locator``.</doc>
<arguments>
<arg>name=clearPass</arg>
<arg>pass</arg>
</arguments>
<msg timestamp="20210121 12:12:28.571" level="INFO">Typing password into text field 'name=clearPass'.</msg>
<msg timestamp="20210121 12:12:28.588" level="INFO">Temporally setting log level to: NONE</msg>
<msg timestamp="20210121 12:12:28.604" level="INFO">Log level changed from NONE to INFO.</msg>
<status status="PASS" starttime="20210121 12:12:28.571" endtime="20210121 12:12:28.605"></status>
</kw>
<kw name="Select From List By Label" library="SeleniumLibrary">
<doc>Selects options from selection list ``locator`` by ``labels``.</doc>
<arguments>
<arg>name=languageChoice</arg>
<arg>English (Indian)</arg>
</arguments>
<msg timestamp="20210121 12:12:28.606" level="INFO">Selecting options from selection list 'name=languageChoice' by label English (Indian).</msg>
<status status="PASS" starttime="20210121 12:12:28.605" endtime="20210121 12:12:28.905"></status>
</kw>
<kw name="Click Element" library="SeleniumLibrary">
<doc>Click the element identified by ``locator``.</doc>
<arguments>
<arg>xpath=//button[@type='submit']</arg>
</arguments>
<msg timestamp="20210121 12:12:28.906" level="INFO">Clicking element 'xpath=//button[@type='submit']'.</msg>
<status status="PASS" starttime="20210121 12:12:28.906" endtime="20210121 12:12:30.232"></status>
</kw>
<kw name="Element Should Contain" library="SeleniumLibrary">
<doc>Verifies that element ``locator`` contains text ``expected``.</doc>
<arguments>
<arg>//*[contains(text(),'Invalid')]</arg>
<arg>Invalid username or password</arg>
</arguments>
<msg timestamp="20210121 12:12:30.291" level="INFO">Element '//*[contains(text(),'Invalid')]' contains text 'Invalid username or password'.</msg>
<status status="PASS" starttime="20210121 12:12:30.235" endtime="20210121 12:12:30.291"></status>
</kw>
<status status="PASS" starttime="20210121 12:12:12.769" endtime="20210121 12:12:30.303" critical="yes"></status>
</test>
<kw name="End Browser" library="common_functionality" type="teardown">
<kw name="Close Browser" library="SeleniumLibrary">
<doc>Closes the current browser.</doc>
<status status="PASS" starttime="20210121 12:12:30.307" endtime="20210121 12:12:32.541"></status>
</kw>
<status status="PASS" starttime="20210121 12:12:30.307" endtime="20210121 12:12:32.541"></status>
</kw>
<status status="PASS" starttime="20210121 12:11:54.107" endtime="20210121 12:12:32.541"></status>
</suite>
<statistics>
<total>
<stat pass="1" fail="0">Critical Tests</stat>
<stat pass="1" fail="0">All Tests</stat>
</total>
<tag>
</tag>
<suite>
<stat pass="1" fail="0" id="s1" name="Verify Invalid Credentials">Verify Invalid Credentials</stat>
</suite>
</statistics>
<errors>
</errors>
</robot>
